  C_nps.cpp
C:\Users\misar\Desktop\laba\classsss\classsss\C_nps.cpp(51,16): warning C4244: =: преобразование "double" в "int", возможна потеря данных
  C_pipe.cpp
C:\Users\misar\Desktop\laba\classsss\classsss\C_pipe.cpp(44,18): warning C4244: =: преобразование "double" в "int", возможна потеря данных
  General_functions.cpp
C:\Users\misar\Desktop\laba\classsss\classsss\General_functions.cpp(111,13): warning C4244: инициализация: преобразование "double" в "int", возможна потеря данных
C:\Users\misar\Desktop\laba\classsss\classsss\General_functions.cpp(113,13): warning C4244: инициализация: преобразование "double" в "int", возможна потеря данных
C:\Users\misar\Desktop\laba\classsss\classsss\General_functions.cpp(118,14): warning C4244: инициализация: преобразование "double" в "int", возможна потеря данных
C:\Users\misar\Desktop\laba\classsss\classsss\General_functions.cpp(120,14): warning C4244: инициализация: преобразование "double" в "int", возможна потеря данных
C:\Users\misar\Desktop\laba\classsss\classsss\General_functions.cpp(133,13): warning C4244: инициализация: преобразование "double" в "int", возможна потеря данных
C:\Users\misar\Desktop\laba\classsss\classsss\General_functions.cpp(135,13): warning C4244: инициализация: преобразование "double" в "int", возможна потеря данных
C:\Users\misar\Desktop\laba\classsss\classsss\General_functions.cpp(140,14): warning C4244: инициализация: преобразование "double" в "int", возможна потеря данных
C:\Users\misar\Desktop\laba\classsss\classsss\General_functions.cpp(142,14): warning C4244: инициализация: преобразование "double" в "int", возможна потеря данных
C:\Users\misar\Desktop\laba\classsss\classsss\General_functions.cpp(155,13): warning C4244: инициализация: преобразование "double" в "int", возможна потеря данных
C:\Users\misar\Desktop\laba\classsss\classsss\General_functions.cpp(157,13): warning C4244: инициализация: преобразование "double" в "int", возможна потеря данных
C:\Users\misar\Desktop\laba\classsss\classsss\General_functions.cpp(162,14): warning C4244: инициализация: преобразование "double" в "int", возможна потеря данных
C:\Users\misar\Desktop\laba\classsss\classsss\General_functions.cpp(164,14): warning C4244: инициализация: преобразование "double" в "int", возможна потеря данных
C:\Users\misar\Desktop\laba\classsss\classsss\General_functions.cpp(183,14): warning C4244: инициализация: преобразование "double" в "int", возможна потеря данных
C:\Users\misar\Desktop\laba\classsss\classsss\General_functions.cpp(185,14): warning C4244: инициализация: преобразование "double" в "int", возможна потеря данных
C:\Users\misar\Desktop\laba\classsss\classsss\General_functions.cpp(190,15): warning C4244: инициализация: преобразование "double" в "int", возможна потеря данных
C:\Users\misar\Desktop\laba\classsss\classsss\General_functions.cpp(192,15): warning C4244: инициализация: преобразование "double" в "int", возможна потеря данных
  classsss.cpp
C:\Users\misar\Desktop\laba\classsss\classsss\classsss.cpp(17,16): warning C4244: =: преобразование "double" в "int", возможна потеря данных
  Создание кода...
  classsss.vcxproj -> C:\Users\misar\Desktop\laba\classsss\Debug\classsss.exe
