c:\users\student\desktop\laba\classsss\classsss\debug\vc142.pdb
c:\users\student\desktop\laba\classsss\classsss\debug\vc142.idb
c:\users\student\desktop\laba\classsss\classsss\debug\c_pipe.obj
c:\users\student\desktop\laba\classsss\classsss\debug\c_nps.obj
c:\users\student\desktop\laba\classsss\classsss\debug\general_functions.obj
c:\users\student\desktop\laba\classsss\classsss\debug\classsss.obj
c:\users\student\desktop\laba\classsss\debug\classsss.pdb
c:\users\student\desktop\laba\classsss\classsss\debug\classsss.tlog\cl.command.1.tlog
c:\users\student\desktop\laba\classsss\classsss\debug\classsss.tlog\cl.read.1.tlog
c:\users\student\desktop\laba\classsss\classsss\debug\classsss.tlog\cl.write.1.tlog
c:\users\student\desktop\laba\classsss\classsss\debug\classsss.tlog\link-cvtres.read.1.tlog
c:\users\student\desktop\laba\classsss\classsss\debug\classsss.tlog\link-cvtres.write.1.tlog
c:\users\student\desktop\laba\classsss\classsss\debug\classsss.tlog\link-rc.read.1.tlog
c:\users\student\desktop\laba\classsss\classsss\debug\classsss.tlog\link-rc.write.1.tlog
c:\users\student\desktop\laba\classsss\classsss\debug\classsss.tlog\link.21164-cvtres.read.1.tlog
c:\users\student\desktop\laba\classsss\classsss\debug\classsss.tlog\link.21164-cvtres.write.1.tlog
c:\users\student\desktop\laba\classsss\classsss\debug\classsss.tlog\link.21164-rc.read.1.tlog
c:\users\student\desktop\laba\classsss\classsss\debug\classsss.tlog\link.21164-rc.write.1.tlog
c:\users\student\desktop\laba\classsss\classsss\debug\classsss.tlog\link.21164.read.1.tlog
c:\users\student\desktop\laba\classsss\classsss\debug\classsss.tlog\link.21164.write.1.tlog
c:\users\student\desktop\laba\classsss\classsss\debug\classsss.tlog\link.command.1.tlog
c:\users\student\desktop\laba\classsss\classsss\debug\classsss.tlog\link.read.1.tlog
c:\users\student\desktop\laba\classsss\classsss\debug\classsss.tlog\link.write.1.tlog
